<?xml version="1.0" encoding="UTF-8"?>
<!-- Generated by org.testng.reporters.JUnitReportReporter -->
<testsuite hostname="DK" failures="0" tests="3" name="Pac2.ContactTest" time="0.013" errors="0" timestamp="2024-08-16T18:41:45 IST" skipped="0">
  <testcase classname="Pac2.ContactTest" name="modifycontactTest" time="0.001"/>
  <system-out/>
  <testcase classname="Pac2.ContactTest" name="createcontacTest" time="0.010"/>
  <system-out/>
  <testcase classname="Pac2.ContactTest" name="deleteContactTest" time="0.002"/>
  <system-out/>
</testsuite> <!-- Pac2.ContactTest -->
